StudioProjects/sipAppWatch/app/build/outputs/logs/manifest-merger-debug-report.txt
-- Merging decision tree log ---
manifest
ADDED from src/main/AndroidManifest.xml:2:1-55:12
	package
		ADDED from src/main/AndroidManifest.xml:3:5-38
		INJECTED from src/main/AndroidManifest.xml
		INJECTED from src/main/AndroidManifest.xml
	android:versionName
		ADDED from src/main/AndroidManifest.xml:5:5-32
	android:versionCode
		ADDED from src/main/AndroidManifest.xml:4:5-28
		INJECTED from src/main/AndroidManifest.xml
		INJECTED from src/main/AndroidManifest.xml
	xmlns:android
		ADDED from src/main/AndroidManifest.xml:2:11-69
uses-sdk
ADDED from src/main/AndroidManifest.xml:7:5-9:41
MERGED from [com.android.support:appcompat-v7:22.2.0] AndroidManifest.xml:20:5-43
MERGED from [com.android.support:support-v4:22.2.0] AndroidManifest.xml:20:5-43
MERGED from [com.android.support:support-v4:22.2.0] AndroidManifest.xml:20:5-43
MERGED from [com.google.android.gms:play-services-appindexing:8.1.0] AndroidManifest.xml:18:5-42
MERGED from [com.google.android.gms:play-services-basement:8.1.0] AndroidManifest.xml:18:5-42
MERGED from [com.android.support:support-v4:22.2.0] AndroidManifest.xml:20:5-43
	android:targetSdkVersion
		ADDED from src/main/AndroidManifest.xml:9:9-38
		INJECTED from src/main/AndroidManifest.xml
		INJECTED from src/main/AndroidManifest.xml
	android:minSdkVersion
		ADDED from src/main/AndroidManifest.xml:8:9-35
		INJECTED from src/main/AndroidManifest.xml
		INJECTED from src/main/AndroidManifest.xml
uses-permission#android.permission.INTERNET
ADDED from src/main/AndroidManifest.xml:11:2-63
	android:name
		ADDED from src/main/AndroidManifest.xml:11:19-61
uses-permission#android.permission.ACCESS_NETWORK_STATE
ADDED from src/main/AndroidManifest.xml:12:2-75
	android:name
		ADDED from src/main/AndroidManifest.xml:12:19-73
uses-permission#android.permission.ACCESS_COARSE_LOCATION
ADDED from src/main/AndroidManifest.xml:13:2-77
	android:name
		ADDED from src/main/AndroidManifest.xml:13:19-75
uses-permission#android.permission.ACCESS_FINE_LOCATION
ADDED from src/main/AndroidManifest.xml:14:2-75
	android:name
		ADDED from src/main/AndroidManifest.xml:14:19-73
uses-permission#android.permission.BLUETOOTH_ADMIN
ADDED from src/main/AndroidManifest.xml:15:2-71
	android:name
		ADDED from src/main/AndroidManifest.xml:15:19-68
uses-permission#android.permission.BLUETOOTH
ADDED from src/main/AndroidManifest.xml:16:2-65
	android:name
		ADDED from src/main/AndroidManifest.xml:16:19-62
uses-permission#android.permission.WRITE_EXTERNAL_STORAGE
ADDED from src/main/AndroidManifest.xml:17:2-78
	android:name
		ADDED from src/main/AndroidManifest.xml:17:19-75
uses-permission#android.permission.READ_PHONE_STATE
ADDED from src/main/AndroidManifest.xml:18:5-75
	android:name
		ADDED from src/main/AndroidManifest.xml:18:22-72
uses-feature#android.hardware.camera
ADDED from src/main/AndroidManifest.xml:19:2-81
	android:required
		ADDED from src/main/AndroidManifest.xml:19:55-78
	android:name
		ADDED from src/main/AndroidManifest.xml:19:16-54
application
ADDED from src/main/AndroidManifest.xml:22:5-53:19
MERGED from [com.android.support:appcompat-v7:22.2.0] AndroidManifest.xml:22:5-20
MERGED from [com.android.support:support-v4:22.2.0] AndroidManifest.xml:22:5-20
MERGED from [com.android.support:support-v4:22.2.0] AndroidManifest.xml:22:5-20
MERGED from [com.google.android.gms:play-services-appindexing:8.1.0] AndroidManifest.xml:19:5-20
MERGED from [com.google.android.gms:play-services-basement:8.1.0] AndroidManifest.xml:20:5-24:19
MERGED from [com.android.support:support-v4:22.2.0] AndroidManifest.xml:22:5-20
	android:label
		ADDED from src/main/AndroidManifest.xml:25:9-41
	android:allowBackup
		ADDED from src/main/AndroidManifest.xml:23:9-35
	android:icon
		ADDED from src/main/AndroidManifest.xml:24:9-45
	android:theme
		ADDED from src/main/AndroidManifest.xml:26:9-65
activity#com.example.sipappwatch.MainActivity
ADDED from src/main/AndroidManifest.xml:27:9-35:20
	android:screenOrientation
		ADDED from src/main/AndroidManifest.xml:29:13-50
	android:label
		ADDED from src/main/AndroidManifest.xml:30:13-45
	android:name
		ADDED from src/main/AndroidManifest.xml:28:13-41
intent-filter#android.intent.action.MAIN+android.intent.category.LAUNCHER
ADDED from src/main/AndroidManifest.xml:31:13-34:29
action#android.intent.action.MAIN
ADDED from src/main/AndroidManifest.xml:32:17-69
	android:name
		ADDED from src/main/AndroidManifest.xml:32:25-66
category#android.intent.category.LAUNCHER
ADDED from src/main/AndroidManifest.xml:33:17-77
	android:name
		ADDED from src/main/AndroidManifest.xml:33:27-74
activity#com.example.sipappwatch.ZonesActivity
ADDED from src/main/AndroidManifest.xml:36:3-38:20
	android:screenOrientation
		ADDED from src/main/AndroidManifest.xml:37:7-44
	android:name
		ADDED from src/main/AndroidManifest.xml:36:13-65
activity#com.example.sipappwatch.ParkingActivity
ADDED from src/main/AndroidManifest.xml:39:3-41:20
	android:screenOrientation
		ADDED from src/main/AndroidManifest.xml:40:7-44
	android:name
		ADDED from src/main/AndroidManifest.xml:39:13-67
activity#com.example.sipappwatch.ConfigActivity
ADDED from src/main/AndroidManifest.xml:42:6-44:20
	android:screenOrientation
		ADDED from src/main/AndroidManifest.xml:43:7-44
	android:name
		ADDED from src/main/AndroidManifest.xml:42:16-69
activity#com.example.sipappwatch.PlateActivity
ADDED from src/main/AndroidManifest.xml:45:9-47:20
	android:screenOrientation
		ADDED from src/main/AndroidManifest.xml:46:7-44
	android:name
		ADDED from src/main/AndroidManifest.xml:45:19-71
meta-data#com.google.android.gms.version
ADDED from src/main/AndroidManifest.xml:50:9-52:69
MERGED from [com.google.android.gms:play-services-basement:8.1.0] AndroidManifest.xml:21:9-23:69
	android:value
		ADDED from src/main/AndroidManifest.xml:52:13-66
	android:name
		ADDED from src/main/AndroidManifest.xml:51:13-58